<?xml version="1.0" encoding="UTF-8"?>
<!-- Generated by org.testng.reporters.JUnitReportReporter -->
<testsuite hostname="DESKTOP-OJD6TFS" name="com.crm.qa.testcases.LandingPageTest" tests="2" failures="0" timestamp="15 Apr 2021 07:13:51 GMT" time="27.080" errors="0">
  <testcase name="CRMlogoTest" time="13.030" classname="com.crm.qa.testcases.LandingPageTest"/>
  <testcase name="landingPageTitleTest" time="14.050" classname="com.crm.qa.testcases.LandingPageTest"/>
</testsuite> <!-- com.crm.qa.testcases.LandingPageTest -->
