<?xml version="1.0" encoding="UTF-8"?>
<!-- Generated by org.testng.reporters.JUnitReportReporter -->
<testsuite hostname="DESKTOP-OJD6TFS" name="com.crm.qa.testcases.HomePageTest" tests="1" failures="0" timestamp="17 Apr 2021 14:45:03 GMT" time="22.390" errors="0">
  <testcase name="verifyUserNameTest" time="22.390" classname="com.crm.qa.testcases.HomePageTest"/>
</testsuite> <!-- com.crm.qa.testcases.HomePageTest -->
