<?xml version="1.0" encoding="UTF-8"?>
<!-- Generated by org.testng.reporters.JUnitReportReporter -->
<testsuite hostname="DESKTOP-OJD6TFS" name="com.crm.qa.testcases.ContactsPageTest" tests="1" failures="0" timestamp="15 Apr 2021 08:19:50 GMT" time="20.042" errors="0">
  <testcase name="contactLinkTest" time="20.042" classname="com.crm.qa.testcases.ContactsPageTest"/>
</testsuite> <!-- com.crm.qa.testcases.ContactsPageTest -->
