<?xml version="1.0" encoding="UTF-8"?>
<!-- Generated by org.testng.reporters.JUnitReportReporter -->
<testsuite hostname="DESKTOP-OJD6TFS" name="com.crm.qa.testcases.LoginPageTest" tests="3" failures="0" timestamp="14 Apr 2021 18:31:51 GMT" time="50.779" errors="0">
  <testcase name="loginButtonClick" time="15.448" classname="com.crm.qa.testcases.LoginPageTest"/>
  <testcase name="loginTest" time="17.121" classname="com.crm.qa.testcases.LoginPageTest"/>
  <testcase name="subscribeToImageNotificationTest" time="18.210" classname="com.crm.qa.testcases.LoginPageTest"/>
</testsuite> <!-- com.crm.qa.testcases.LoginPageTest -->
