<?xml version="1.0" encoding="UTF-8"?>
<!-- Generated by org.testng.reporters.JUnitReportReporter -->
<testsuite hostname="DESKTOP-OJD6TFS" name="com.crm.qa.testcases.LoginPageTest" tests="3" failures="0" timestamp="6 May 2021 15:28:22 GMT" time="46.552" errors="0">
  <testcase name="subscribeToImageNotificationTest" time="16.103" classname="com.crm.qa.testcases.LoginPageTest"/>
  <testcase name="loginButtonClick" time="14.056" classname="com.crm.qa.testcases.LoginPageTest"/>
  <testcase name="loginTest" time="16.393" classname="com.crm.qa.testcases.LoginPageTest"/>
</testsuite> <!-- com.crm.qa.testcases.LoginPageTest -->
