<?xml version="1.0" encoding="UTF-8"?>
<!-- Generated by org.testng.reporters.JUnitReportReporter -->
<testsuite hostname="DESKTOP-OJD6TFS" name="com.crm.qa.testcases.LoginPageTest" tests="1" failures="0" timestamp="6 May 2021 22:33:54 GMT" time="14.261" errors="0">
  <testcase name="loginButtonClick" time="14.261" classname="com.crm.qa.testcases.LoginPageTest"/>
</testsuite> <!-- com.crm.qa.testcases.LoginPageTest -->
