<?xml version="1.0" encoding="UTF-8"?>
<!-- Generated by org.testng.reporters.JUnitReportReporter -->
<testsuite hostname="DESKTOP-OJD6TFS" name="com.crm.qa.testcases.HomePageTest" tests="1" failures="0" timestamp="15 Apr 2021 07:57:52 GMT" time="18.578" errors="0">
  <testcase name="verifyUserNameTest" time="18.578" classname="com.crm.qa.testcases.HomePageTest"/>
</testsuite> <!-- com.crm.qa.testcases.HomePageTest -->
