<?xml version="1.0" encoding="UTF-8"?>
<!-- Generated by org.testng.reporters.JUnitReportReporter -->
<testsuite hostname="DESKTOP-OJD6TFS" name="com.crm.qa.testcases.LandingPageTest" tests="2" failures="0" timestamp="6 May 2021 15:28:22 GMT" time="26.151" errors="0">
  <testcase name="landingPageTitleTest" time="13.071" classname="com.crm.qa.testcases.LandingPageTest"/>
  <testcase name="CRMlogoTest" time="13.080" classname="com.crm.qa.testcases.LandingPageTest"/>
</testsuite> <!-- com.crm.qa.testcases.LandingPageTest -->
