<?xml version="1.0" encoding="UTF-8"?>
<!-- Generated by org.testng.reporters.JUnitReportReporter -->
<testsuite hostname="DESKTOP-OJD6TFS" name="com.crm.qa.testcases.HomePageTest" tests="1" failures="0" timestamp="6 May 2021 15:28:22 GMT" time="17.425" errors="0">
  <testcase name="verifyUserNameTest" time="17.425" classname="com.crm.qa.testcases.HomePageTest"/>
</testsuite> <!-- com.crm.qa.testcases.HomePageTest -->
